<?xml version="1.0" encoding="UTF-8"?>
<testsuite name="com.example.slcraft.ExampleUnitTest" tests="1" skipped="0" failures="0" errors="0" timestamp="2023-05-06T15:37:48" hostname="DESKTOP-ACLNO7P" time="0.007">
  <properties/>
  <testcase name="addition_isCorrect" classname="com.example.slcraft.ExampleUnitTest" time="0.007"/>
  <system-out><![CDATA[]]></system-out>
  <system-err><![CDATA[]]></system-err>
</testsuite>
